<?xml version="1.0" encoding="utf-8"?><testsuites><testsuite name="pytest" errors="0" failures="0" skipped="9" tests="84" time="694.456" timestamp="2021-12-14T16:08:30.890522" hostname="230A-17-ubuntu"><testcase classname="integration_tests.test_consolidate" name="test_consolidate_module" time="3.190" /><testcase classname="integration_tests.test_consolidate" name="test_consolidate_transforms_function" time="0.043" /><testcase classname="integration_tests.test_consolidate" name="test_redirect_mipMapLevels" time="1.811" /><testcase classname="integration_tests.test_consolidate" name="test_remap_zs[True]" time="3.182" /><testcase classname="integration_tests.test_consolidate" name="test_remap_zs[False]" time="3.203" /><testcase classname="integration_tests.test_dataimport" name="test_generate_EM_metadata" time="2.659" /><testcase classname="integration_tests.test_dataimport" name="test_mipmaps[PIL]" time="5.542" /><testcase classname="integration_tests.test_dataimport" name="test_mipmaps[block_reduce]" time="4.127" /><testcase classname="integration_tests.test_dataimport" name="test_make_mipmaps_single_z" time="4.245" /><testcase classname="integration_tests.test_dataimport" name="test_make_mipmaps_fail_no_z" time="0.005" /><testcase classname="integration_tests.test_dataimport" name="test_create_mipmap_from_tuple" time="0.533" /><testcase classname="integration_tests.test_downsample_mask" name="test_mask_polygons" time="0.008" /><testcase classname="integration_tests.test_downsample_mask" name="test_points_in_mask" time="0.021" /><testcase classname="integration_tests.test_downsample_mask" name="test_masks" time="10.756" /><testcase classname="integration_tests.test_em_montage" name="test_create_montage_tile_pairs_no_z" time="2.377" /><testcase classname="integration_tests.test_em_montage" name="test_point_match_generation_qsub" time="0.992" /><testcase classname="integration_tests.test_em_montage" name="test_montage_solver" time="12.080" /><testcase classname="integration_tests.test_em_montage_qc" name="test_detect_montage_defects" time="5.473" /><testcase classname="integration_tests.test_em_montage_qc" name="test_detect_montage_defects_fail" time="0.018" /><testcase classname="integration_tests.test_em_montage_qc" name="test_stack_in_loading_state" time="1.036" /><testcase classname="integration_tests.test_em_montage_qc" name="test_detect_distortion" time="0.840" /><testcase classname="integration_tests.test_filter_pm" name="test_filter_basic" time="1.992" /><testcase classname="integration_tests.test_filter_pm" name="test_filter_inverse" time="0.331" /><testcase classname="integration_tests.test_filter_pm" name="test_filter_filtered" time="0.566" /><testcase classname="integration_tests.test_filter_pm" name="test_filter_write" time="0.907" /><testcase classname="integration_tests.test_filter_pm" name="test_filter_missing_section1" time="0.626" /><testcase classname="integration_tests.test_filter_pm" name="test_filter_missing_section2" time="0.167" /><testcase classname="integration_tests.test_filter_pm" name="test_filter_plot" time="0.564" /><testcase classname="integration_tests.test_fusion" name="test_register_first_stack" time="14.459" /><testcase classname="integration_tests.test_fusion" name="test_register_all_stacks" time="0.969" /><testcase classname="integration_tests.test_fusion" name="test_fuse_stacks" time="13.022" /><testcase classname="integration_tests.test_fusion" name="test_skip_fusion" time="8.548" /><testcase classname="integration_tests.test_lens_correction" name="test_calc_lens_correction" time="0.001"><skipped type="pytest.skip" message="legacy code not being tested -- to test, set environment variable ASAP_TEST_LEGACY_LC">/home/gayathrim/Dropbox/render-modules/integration_tests/test_lens_correction.py:138: legacy code not being tested -- to test, set environment variable ASAP_TEST_LEGACY_LC</skipped></testcase><testcase classname="integration_tests.test_lens_correction" name="test_apply_lens_correction" time="4.047" /><testcase classname="integration_tests.test_lens_correction" name="test_label_append" time="2.885" /><testcase classname="integration_tests.test_lens_correction" name="test_apply_lens_correction_mask" time="2.343" /><testcase classname="integration_tests.test_materialize" name="test_materialize_boxes" time="19.725" /><testcase classname="integration_tests.test_matlab_solver" name="test_create_montage_tile_pairs_no_z" time="0.001"><skipped type="pytest.skip" message="legacy code not being tested -- to test, set environment variable ASAP_TEST_LEGACY_MONTAGE">/home/gayathrim/Dropbox/render-modules/integration_tests/test_matlab_solver.py:101: legacy code not being tested -- to test, set environment variable ASAP_TEST_LEGACY_MONTAGE</skipped></testcase><testcase classname="integration_tests.test_matlab_solver" name="test_point_match_generation_qsub" time="0.001"><skipped type="pytest.skip" message="legacy code not being tested -- to test, set environment variable ASAP_TEST_LEGACY_MONTAGE">/home/gayathrim/Dropbox/render-modules/integration_tests/test_matlab_solver.py:156: legacy code not being tested -- to test, set environment variable ASAP_TEST_LEGACY_MONTAGE</skipped></testcase><testcase classname="integration_tests.test_matlab_solver" name="test_run_montage_job_for_section" time="0.000"><skipped type="pytest.skip" message="legacy code not being tested -- to test, set environment variable ASAP_TEST_LEGACY_MONTAGE">/home/gayathrim/Dropbox/render-modules/integration_tests/test_matlab_solver.py:170: legacy code not being tested -- to test, set environment variable ASAP_TEST_LEGACY_MONTAGE</skipped></testcase><testcase classname="integration_tests.test_matlab_solver" name="test_fail_montage_job_for_section" time="0.000"><skipped type="pytest.skip" message="legacy code not being tested -- to test, set environment variable ASAP_TEST_LEGACY_MONTAGE">/home/gayathrim/Dropbox/render-modules/integration_tests/test_matlab_solver.py:207: legacy code not being tested -- to test, set environment variable ASAP_TEST_LEGACY_MONTAGE</skipped></testcase><testcase classname="integration_tests.test_mesh_lens_correction" name="test_coarse_mesh_failure" time="2.968" /><testcase classname="integration_tests.test_mesh_lens_correction" name="test_correction_call_ptmatch" time="8.012" /><testcase classname="integration_tests.test_mesh_lens_correction" name="test_make_mask" time="0.453" /><testcase classname="integration_tests.test_mesh_lens_correction" name="test_mesh_lens_correction" time="16.260" /><testcase classname="integration_tests.test_mesh_lens_correction" name="test_mesh_with_mask" time="31.536" /><testcase classname="integration_tests.test_multichan_multiplicative_correction" name="test_single_tile" time="10.656" /><testcase classname="integration_tests.test_multiplicative_correction" name="test_single_tile" time="18.648" /><testcase classname="integration_tests.test_pairwise_rough" name="test_make_anchor_stack" time="4.720" /><testcase classname="integration_tests.test_pairwise_rough" name="test_multitile_exception" time="11.697" /><testcase classname="integration_tests.test_pairwise_rough" name="test_pairwise_results" time="9.737" /><testcase classname="integration_tests.test_pairwise_rough" name="test_pairwise_rigid_alignment_coverage" time="30.937" /><testcase classname="integration_tests.test_pt_match_opencv" name="test_read_etc" time="1.829" /><testcase classname="integration_tests.test_pt_match_opencv" name="test_pt_match_opencv" time="50.919" /><testcase classname="integration_tests.test_pt_match_optimization" name="test_pt_match_opts_module" time="13.706" /><testcase classname="integration_tests.test_registration" name="test_rough_registration" time="14.428" /><testcase classname="integration_tests.test_render_module" name="test_render_modules" time="0.007" /><testcase classname="integration_tests.test_render_module" name="test_render_modules_fail" time="0.001" /><testcase classname="integration_tests.test_rough_align" name="test_montage_scape_stack" time="15.181" /><testcase classname="integration_tests.test_rough_align" name="test_point_match_collection" time="0.100" /><testcase classname="integration_tests.test_rough_align" name="test_apply_rough_alignment_transform" time="5.160" /><testcase classname="integration_tests.test_rough_align" name="test_apply_rough_alignment_with_masks" time="15.451" /><testcase classname="integration_tests.test_rough_align" name="test_mapped_apply_rough_alignment_transform" time="11.993" /><testcase classname="integration_tests.test_rough_align" name="test_render_downsample_with_mipmaps" time="5.964" /><testcase classname="integration_tests.test_rough_align" name="test_make_montage_stack_module_without_downsamples" time="5.730" /><testcase classname="integration_tests.test_rough_align" name="test_make_montage_scape_stack_fail" time="0.018" /><testcase classname="integration_tests.test_rough_align" name="test_setting_remap_section_ids" time="3.254" /><testcase classname="integration_tests.test_rough_align" name="test_setting_new_z_montage_scape" time="0.014" /><testcase classname="integration_tests.test_rough_align" name="test_make_montage_stack_uuid" time="5.705" /><testcase classname="integration_tests.test_rough_align" name="test_filterNameList_warning_makemontagescapes" time="0.013" /><testcase classname="integration_tests.test_rough_align" name="test_filterNameList_warning_rendersection" time="0.005" /><testcase classname="integration_tests.test_rough_align" name="test_multiple_transform_apply_rough" time="224.883" /><testcase classname="integration_tests.test_rough_align_matlab" name="test_mapped_apply_rough_alignment_transform" time="0.001"><skipped type="pytest.skip" message="legacy code not being tested -- to test, set environment variable ASAP_TEST_LEGACY_ROUGH">/home/gayathrim/Dropbox/render-modules/integration_tests/test_rough_align_matlab.py:427: legacy code not being tested -- to test, set environment variable ASAP_TEST_LEGACY_ROUGH</skipped></testcase><testcase classname="integration_tests.test_rough_align_matlab" name="test_apply_rough_alignment_transform" time="0.001"><skipped type="pytest.skip" message="legacy code not being tested -- to test, set environment variable ASAP_TEST_LEGACY_ROUGH">/home/gayathrim/Dropbox/render-modules/integration_tests/test_rough_align_matlab.py:462: legacy code not being tested -- to test, set environment variable ASAP_TEST_LEGACY_ROUGH</skipped></testcase><testcase classname="integration_tests.test_rough_align_matlab" name="test_apply_rough_alignment_transform_with_scale" time="0.001"><skipped type="pytest.skip" message="legacy code not being tested -- to test, set environment variable ASAP_TEST_LEGACY_ROUGH">/home/gayathrim/Dropbox/render-modules/integration_tests/test_rough_align_matlab.py:507: legacy code not being tested -- to test, set environment variable ASAP_TEST_LEGACY_ROUGH</skipped></testcase><testcase classname="integration_tests.test_rough_align_matlab" name="test_solver_default_options" time="0.001"><skipped type="pytest.skip" message="legacy code not being tested -- to test, set environment variable ASAP_TEST_LEGACY_ROUGH">/home/gayathrim/Dropbox/render-modules/integration_tests/test_rough_align_matlab.py:552: legacy code not being tested -- to test, set environment variable ASAP_TEST_LEGACY_ROUGH</skipped></testcase><testcase classname="integration_tests.test_rough_align_qc" name="test_rough_align_qc" time="8.646" /><testcase classname="integration_tests.test_solver" name="test_solver_montage_test" time="10.870" /><testcase classname="integration_tests.test_swapping" name="test_swap_z_module" time="13.285" /><testcase classname="integration_tests.test_swapping" name="test_swap_pt_matches_module" time="0.853" /><testcase classname="tests.test_materialization" name="test_validate_materialization[excluded_keys0]" time="0.486" /><testcase classname="tests.test_materialization" name="test_validate_materialization[excluded_keys1]" time="0.391" /><testcase classname="tests.test_materialization" name="test_delete_materialization" time="0.073" /><testcase classname="tests.test_template_module" name="test_template_module" time="0.010" /></testsuite></testsuites>